<?xml version="1.0" encoding="UTF-8"?>
<testsuite xmlns:xsi="http://www.w3.org/2001/XMLSchema-instance" xsi:noNamespaceSchemaLocation="https://maven.apache.org/surefire/maven-surefire-plugin/xsd/surefire-test-report-3.0.xsd" version="3.0" name="com.solarcalc.calc.SolarCalculatorTest" time="0.591" tests="9" errors="0" skipped="0" failures="0">
  <properties>
[...]
</properties>
  <testcase name="testRequiredPanelWExample" classname="com.solarcalc.calc.SolarCalculatorTest" time="0.105"/>
  <testcase name="testControllerSizing" classname="com.solarcalc.calc.SolarCalculatorTest" time="0.012"/>
  <testcase name="testCsvExportCreatesFile" classname="com.solarcalc.calc.SolarCalculatorTest" time="0.129"/>
  <testcase name="testTotalDailyEnergy" classname="com.solarcalc.calc.SolarCalculatorTest" time="0.003"/>
  <testcase name="testInvalidPshThrows" classname="com.solarcalc.calc.SolarCalculatorTest" time="0.008"/>
  <testcase name="testInverterSizing" classname="com.solarcalc.calc.SolarCalculatorTest" time="0.003"/>
  <testcase name="testSaveLoadJsonRoundtrip" classname="com.solarcalc.calc.SolarCalculatorTest" time="0.22"/>
  <testcase name="testDodZeroThrows" classname="com.solarcalc.calc.SolarCalculatorTest" time="0.003"/>
  <testcase name="testBatteryAhCalculation" classname="com.solarcalc.calc.SolarCalculatorTest" time="0.002"/>
</testsuite>